<?xml version="1.0" encoding="UTF-8"?>
<!-- Generated by org.testng.reporters.JUnitReportReporter -->
<testsuite hostname="LAPTOP-V1HU397L" failures="0" tests="1" name="newproject.automation1" time="13.200" errors="0" timestamp="2023-08-22T19:21:26 IST" skipped="0">
  <testcase classname="newproject.automation1" name="test" time="13.200"/>
</testsuite> <!-- newproject.automation1 -->
